16:27:29	: INFORMATIVE	: Loading properties file
16:27:32	: INFORMATIVE	: Connected to the server 0.0.0.0:1099 with client ID Aku
16:27:58	: INFORMATIVE	: Proccessing
16:27:58	: INFORMATIVE	: inside method
16:27:58	: INFORMATIVE	: stream opened
16:27:58	: INFORMATIVE	: java.util.logging.LogRecord@50103bfb
16:27:58	: INFORMATIVE	: java.util.logging.LogRecord@50103bfb
16:27:58	: INFORMATIVE	: java.util.logging.LogRecord@30775be8
16:27:58	: INFORMATIVE	: java.util.logging.LogRecord@30775be8
16:27:58	: INFORMATIVE	: java.util.logging.LogRecord@69536370
16:27:58	: INFORMATIVE	: java.util.logging.LogRecord@69536370
16:27:58	: INFORMATIVE	: java.util.logging.LogRecord@5e1dbd0
16:27:58	: INFORMATIVE	: java.util.logging.LogRecord@5e1dbd0
16:27:58	: INFORMATIVE	: java.util.logging.LogRecord@2f2637b4
16:27:58	: INFORMATIVE	: java.util.logging.LogRecord@2f2637b4
16:36:13	: INFORMATIVE	: Loading properties file
16:36:19	: INFORMATIVE	: Connected to the server 0.0.0.0:1099 with client ID Aku
16:36:28	: INFORMATIVE	: Proccessing
16:36:28	: INFORMATIVE	: inside method
16:36:28	: INFORMATIVE	: stream opened
16:36:28	: INFORMATIVE	: java.util.logging.LogRecord@284e701b
16:36:28	: INFORMATIVE	: java.util.logging.LogRecord@284e701b
16:36:28	: INFORMATIVE	: java.util.logging.LogRecord@68daad6
16:36:28	: INFORMATIVE	: java.util.logging.LogRecord@68daad6
16:36:28	: INFORMATIVE	: java.util.logging.LogRecord@11997b8a
16:36:28	: INFORMATIVE	: java.util.logging.LogRecord@11997b8a
16:36:29	: INFORMATIVE	: java.util.logging.LogRecord@29d64896
16:36:29	: INFORMATIVE	: java.util.logging.LogRecord@29d64896
16:36:29	: INFORMATIVE	: java.util.logging.LogRecord@3337854f
16:36:29	: INFORMATIVE	: java.util.logging.LogRecord@3337854f
16:40:44	: INFORMATIVE	: Loading properties file
16:40:54	: INFORMATIVE	: Connected to the server 0.0.0.0:1099 with client ID Aku
16:41:09	: INFORMATIVE	: Proccessing
16:41:09	: INFORMATIVE	: inside method
16:41:09	: INFORMATIVE	: stream opened
16:48:22	: INFORMATIVE	: Loading properties file
16:48:32	: INFORMATIVE	: Connected to the server 0.0.0.0:1099 with client ID Aku
16:49:16	: INFORMATIVE	: Proccessing
16:49:16	: INFORMATIVE	: inside method
16:49:16	: INFORMATIVE	: stream opened
16:51:11	: INFORMATIVE	: Loading properties file
16:51:23	: INFORMATIVE	: Connected to the server 0.0.0.0:1099 with client ID Aku
16:51:41	: INFORMATIVE	: Proccessing
16:51:41	: INFORMATIVE	: inside method
16:51:41	: INFORMATIVE	: stream opened
16:56:40	: INFORMATIVE	: Loading properties file
16:56:48	: INFORMATIVE	: Connected to the server 0.0.0.0:1099 with client ID Aku
16:57:20	: INFORMATIVE	: Proccessing
16:57:20	: INFORMATIVE	: inside method
16:57:20	: INFORMATIVE	: stream opened
17:19:58	: INFORMATIVE	: Connected to the server 0.0.0.0:1099 with client ID Aku
17:20:23	: INFORMATIVE	: java.util.logging.LogRecord@1b64dd8e
17:20:23	: INFORMATIVE	: java.util.logging.LogRecord@1b64dd8e
17:20:24	: INFORMATIVE	: java.util.logging.LogRecord@3571ef12
17:20:24	: INFORMATIVE	: java.util.logging.LogRecord@3571ef12
17:20:24	: INFORMATIVE	: java.util.logging.LogRecord@460509e3
17:20:24	: INFORMATIVE	: java.util.logging.LogRecord@460509e3
17:20:24	: INFORMATIVE	: java.util.logging.LogRecord@3135fe47
17:20:24	: INFORMATIVE	: java.util.logging.LogRecord@3135fe47
17:20:24	: INFORMATIVE	: java.util.logging.LogRecord@4fc9008e
17:20:24	: INFORMATIVE	: java.util.logging.LogRecord@4fc9008e
17:24:23	: INFORMATIVE	: Loading properties file
17:24:33	: INFORMATIVE	: Connected to the server 0.0.0.0:1099 with client ID Aku
17:24:44	: INFORMATIVE	: java.util.logging.LogRecord@5a8e261b
17:24:44	: INFORMATIVE	: java.util.logging.LogRecord@5a8e261b
17:24:44	: INFORMATIVE	: java.util.logging.LogRecord@3963a1b8
17:24:44	: INFORMATIVE	: java.util.logging.LogRecord@3963a1b8
17:24:44	: INFORMATIVE	: java.util.logging.LogRecord@3eaf688a
17:24:44	: INFORMATIVE	: java.util.logging.LogRecord@3eaf688a
17:24:45	: INFORMATIVE	: java.util.logging.LogRecord@7939b9bd
17:24:45	: INFORMATIVE	: java.util.logging.LogRecord@7939b9bd
17:24:45	: INFORMATIVE	: java.util.logging.LogRecord@3cd16578
17:24:45	: INFORMATIVE	: java.util.logging.LogRecord@3cd16578
17:28:17	: INFORMATIVE	: Loading properties file
17:28:24	: INFORMATIVE	: Connected to the server 0.0.0.0:1099 with client ID Aku
17:28:34	: INFORMATIVE	: java.util.logging.LogRecord@4478de9f
17:28:34	: INFORMATIVE	: java.util.logging.LogRecord@4478de9f
17:28:34	: INFORMATIVE	: java.util.logging.LogRecord@619f65e
17:28:34	: INFORMATIVE	: java.util.logging.LogRecord@619f65e
17:28:34	: INFORMATIVE	: java.util.logging.LogRecord@bc647a2
17:28:34	: INFORMATIVE	: java.util.logging.LogRecord@bc647a2
17:28:35	: INFORMATIVE	: java.util.logging.LogRecord@688e2b8
17:28:35	: INFORMATIVE	: java.util.logging.LogRecord@688e2b8
17:28:35	: INFORMATIVE	: java.util.logging.LogRecord@4dca162
17:28:35	: INFORMATIVE	: java.util.logging.LogRecord@4dca162
18:42:12	: INFORMATIVE	: Loading properties file
18:42:20	: INFORMATIVE	: Connected to the server 0.0.0.0:1099 with client ID Aku
18:43:15	: INFORMATIVE	: Loading properties file
18:43:23	: INFORMATIVE	: Connected to the server 0.0.0.0:1099 with client ID Aku
18:45:22	: INFORMATIVE	: Loading properties file
18:45:29	: INFORMATIVE	: Connected to the server 0.0.0.0:1099 with client ID Aku
18:48:50	: INFORMATIVE	: Loading properties file
18:49:02	: INFORMATIVE	: Connected to the server 0.0.0.0:1099 with client ID Aku
18:56:13	: INFORMATIVE	: Loading properties file
18:56:20	: INFORMATIVE	: Connected to the server 0.0.0.0:1099 with client ID Aku
18:57:38	: INFORMATIVE	: Loading properties file
18:57:44	: INFORMATIVE	: Connected to the server 0.0.0.0:1099 with client ID Aku
18:57:51	: INFORMATIVE	: java.util.logging.LogRecord@325a35d8
18:57:51	: INFORMATIVE	: java.util.logging.LogRecord@325a35d8
18:57:51	: INFORMATIVE	: java.util.logging.LogRecord@21546f3
18:57:51	: INFORMATIVE	: java.util.logging.LogRecord@21546f3
18:57:51	: INFORMATIVE	: java.util.logging.LogRecord@486ae507
18:57:51	: INFORMATIVE	: java.util.logging.LogRecord@486ae507
18:57:52	: INFORMATIVE	: java.util.logging.LogRecord@5e356b5b
18:57:52	: INFORMATIVE	: java.util.logging.LogRecord@5e356b5b
18:57:52	: INFORMATIVE	: java.util.logging.LogRecord@5dd4a708
18:57:52	: INFORMATIVE	: java.util.logging.LogRecord@5dd4a708
19:01:24	: INFORMATIVE	: Loading properties file
19:01:30	: INFORMATIVE	: Connected to the server 0.0.0.0:1099 with client ID Aku
19:01:37	: INFORMATIVE	: Project: {0}, Uploaded: 0 %...
19:01:37	: INFORMATIVE	: Project: {0}, Uploaded: 0 %...
19:01:37	: INFORMATIVE	: Project: {0}, Uploaded: {1} %...
19:01:37	: INFORMATIVE	: Project: {0}, Uploaded: {1} %...
19:01:37	: INFORMATIVE	: Project: {0}, Uploaded: 100 %...
19:01:37	: INFORMATIVE	: Project: {0}, Uploaded: 100 %...
19:01:38	: INFORMATIVE	: Project: {0}, Uploaded: 100 %...
19:01:38	: INFORMATIVE	: Project: {0}, Uploaded: 100 %...
19:01:38	: INFORMATIVE	: Project {0} has been uploaded
19:01:38	: INFORMATIVE	: Project {0} has been uploaded
19:03:22	: INFORMATIVE	: Loading properties file
19:03:30	: INFORMATIVE	: Connected to the server 0.0.0.0:1099 with client ID Aku
19:03:44	: INFORMATIVE	: Nov 09, 2013 7:03:44 PM cz.cuni.mff.bc.api.main.ClientAPIWithLog$2 run
INFO: Project: TestProject, Uploaded: 0 %...

19:03:44	: INFORMATIVE	: Nov 09, 2013 7:03:44 PM cz.cuni.mff.bc.api.main.ClientAPIWithLog$2 run
INFO: Project: TestProject, Uploaded: 0 %...

19:03:44	: INFORMATIVE	: Nov 09, 2013 7:03:44 PM cz.cuni.mff.bc.api.main.ClientAPIWithLog$2 run
INFO: Project: TestProject, Uploaded: 100 %...

19:03:44	: INFORMATIVE	: Nov 09, 2013 7:03:44 PM cz.cuni.mff.bc.api.main.ClientAPIWithLog$2 run
INFO: Project: TestProject, Uploaded: 100 %...

19:03:44	: INFORMATIVE	: Nov 09, 2013 7:03:44 PM cz.cuni.mff.bc.api.main.ClientAPIWithLog$2 run
INFO: Project TestProject has been uploaded

19:03:44	: INFORMATIVE	: Nov 09, 2013 7:03:44 PM cz.cuni.mff.bc.api.main.ClientAPIWithLog$2 run
INFO: Project TestProject has been uploaded

Sat Nov 09 19:47:55 GMT 2013 INFO Loading properties file

